# JRE version: Java(TM) SE Runtime Environment (13.0+33) (build 13+33)
# Java VM: Java HotSpot(TM) 64-Bit Server VM (13+33, mixed mode, sharing, tiered, compressed oops, g1 gc, windows-amd64)
Heap:
 garbage-first heap   total 55296K, used 19661K [0x00000000c1400000, 0x0000000100000000)
  region size 1024K, 4 young (4096K), 2 survivors (2048K)
 Metaspace       used 30621K, capacity 31762K, committed 31868K, reserved 1105920K
  class space    used 4234K, capacity 4673K, committed 4736K, reserved 1048576K
GC Heap History (20 events):
Event: 26.916 GC heap before
{Heap before GC invocations=16 (full 0):
 garbage-first heap   total 40960K, used 26901K [0x00000000c1400000, 0x0000000100000000)
  region size 1024K, 13 young (13312K), 2 survivors (2048K)
 Metaspace       used 23791K, capacity 24836K, committed 24956K, reserved 1075200K
  class space    used 3255K, capacity 3690K, committed 3712K, reserved 1048576K
}
Event: 26.945 GC heap after
{Heap after GC invocations=17 (full 0):
 garbage-first heap   total 40960K, used 16515K [0x00000000c1400000, 0x0000000100000000)
  region size 1024K, 2 young (2048K), 2 survivors (2048K)
 Metaspace       used 23791K, capacity 24836K, committed 24956K, reserved 1075200K
  class space    used 3255K, capacity 3690K, committed 3712K, reserved 1048576K
}
Event: 27.450 GC heap before
{Heap before GC invocations=17 (full 0):
 garbage-first heap   total 40960K, used 27779K [0x00000000c1400000, 0x0000000100000000)
  region size 1024K, 13 young (13312K), 2 survivors (2048K)
 Metaspace       used 25186K, capacity 26229K, committed 26364K, reserved 1075200K
  class space    used 3378K, capacity 3791K, committed 3840K, reserved 1048576K
}
Event: 27.464 GC heap after
{Heap after GC invocations=18 (full 0):
 garbage-first heap   total 40960K, used 17221K [0x00000000c1400000, 0x0000000100000000)
  region size 1024K, 2 young (2048K), 2 survivors (2048K)
 Metaspace       used 25186K, capacity 26229K, committed 26364K, reserved 1075200K
  class space    used 3378K, capacity 3791K, committed 3840K, reserved 1048576K
}
Event: 27.474 GC heap before
{Heap before GC invocations=18 (full 0):
 garbage-first heap   total 40960K, used 27461K [0x00000000c1400000, 0x0000000100000000)
  region size 1024K, 13 young (13312K), 2 survivors (2048K)
 Metaspace       used 25193K, capacity 26229K, committed 26364K, reserved 1075200K
  class space    used 3379K, capacity 3791K, committed 3840K, reserved 1048576K
}
Event: 27.480 GC heap after
{Heap after GC invocations=19 (full 0):
 garbage-first heap   total 40960K, used 17285K [0x00000000c1400000, 0x0000000100000000)
  region size 1024K, 1 young (1024K), 1 survivors (1024K)
 Metaspace       used 25193K, capacity 26229K, committed 26364K, reserved 1075200K
  class space    used 3379K, capacity 3791K, committed 3840K, reserved 1048576K
}
Event: 27.486 GC heap before
{Heap before GC invocations=19 (full 0):
 garbage-first heap   total 40960K, used 27525K [0x00000000c1400000, 0x0000000100000000)
  region size 1024K, 12 young (12288K), 1 survivors (1024K)
 Metaspace       used 25193K, capacity 26229K, committed 26364K, reserved 1075200K
  class space    used 3379K, capacity 3791K, committed 3840K, reserved 1048576K
}
Event: 27.489 GC heap after
{Heap after GC invocations=20 (full 0):
 garbage-first heap   total 40960K, used 17347K [0x00000000c1400000, 0x0000000100000000)
  region size 1024K, 1 young (1024K), 1 survivors (1024K)
 Metaspace       used 25193K, capacity 26229K, committed 26364K, reserved 1075200K
  class space    used 3379K, capacity 3791K, committed 3840K, reserved 1048576K
}
Event: 27.495 GC heap before
{Heap before GC invocations=20 (full 0):
 garbage-first heap   total 40960K, used 28611K [0x00000000c1400000, 0x0000000100000000)
  region size 1024K, 13 young (13312K), 1 survivors (1024K)
 Metaspace       used 25193K, capacity 26229K, committed 26364K, reserved 1075200K
  class space    used 3379K, capacity 3791K, committed 3840K, reserved 1048576K
}
Event: 27.496 GC heap after
{Heap after GC invocations=21 (full 0):
 garbage-first heap   total 40960K, used 17391K [0x00000000c1400000, 0x0000000100000000)
  region size 1024K, 1 young (1024K), 1 survivors (1024K)
 Metaspace       used 25193K, capacity 26229K, committed 26364K, reserved 1075200K
  class space    used 3379K, capacity 3791K, committed 3840K, reserved 1048576K
}
Event: 27.537 GC heap before
{Heap before GC invocations=21 (full 0):
 garbage-first heap   total 40960K, used 23535K [0x00000000c1400000, 0x0000000100000000)
  region size 1024K, 9 young (9216K), 1 survivors (1024K)
 Metaspace       used 25194K, capacity 26229K, committed 26364K, reserved 1075200K
  class space    used 3379K, capacity 3791K, committed 3840K, reserved 1048576K
}
Event: 27.540 GC heap after
{Heap after GC invocations=22 (full 0):
 garbage-first heap   total 40960K, used 17460K [0x00000000c1400000, 0x0000000100000000)
  region size 1024K, 1 young (1024K), 1 survivors (1024K)
 Metaspace       used 25194K, capacity 26229K, committed 26364K, reserved 1075200K
  class space    used 3379K, capacity 3791K, committed 3840K, reserved 1048576K
}
Event: 27.777 GC heap before
{Heap before GC invocations=23 (full 0):
 garbage-first heap   total 46080K, used 29748K [0x00000000c1400000, 0x0000000100000000)
  region size 1024K, 13 young (13312K), 1 survivors (1024K)
 Metaspace       used 25393K, capacity 26491K, committed 26748K, reserved 1077248K
  class space    used 3402K, capacity 3857K, committed 3968K, reserved 1048576K
}
Event: 27.781 GC heap after
{Heap after GC invocations=24 (full 0):
 garbage-first heap   total 46080K, used 18120K [0x00000000c1400000, 0x0000000100000000)
  region size 1024K, 2 young (2048K), 2 survivors (2048K)
 Metaspace       used 25393K, capacity 26491K, committed 26748K, reserved 1077248K
  class space    used 3402K, capacity 3857K, committed 3968K, reserved 1048576K
}
Event: 28.194 GC heap before
{Heap before GC invocations=24 (full 0):
 garbage-first heap   total 46080K, used 30408K [0x00000000c1400000, 0x0000000100000000)
  region size 1024K, 15 young (15360K), 2 survivors (2048K)
 Metaspace       used 26160K, capacity 27253K, committed 27516K, reserved 1077248K
  class space    used 3514K, capacity 3941K, committed 3968K, reserved 1048576K
}
Event: 28.205 GC heap after
{Heap after GC invocations=25 (full 0):
 garbage-first heap   total 55296K, used 17707K [0x00000000c1400000, 0x0000000100000000)
  region size 1024K, 1 young (1024K), 1 survivors (1024K)
 Metaspace       used 26160K, capacity 27253K, committed 27516K, reserved 1077248K
  class space    used 3514K, capacity 3941K, committed 3968K, reserved 1048576K
}
Event: 29.569 GC heap before
{Heap before GC invocations=25 (full 0):
 garbage-first heap   total 55296K, used 36139K [0x00000000c1400000, 0x0000000100000000)
  region size 1024K, 19 young (19456K), 1 survivors (1024K)
 Metaspace       used 28980K, capacity 30052K, committed 30204K, reserved 1079296K
  class space    used 3901K, capacity 4339K, committed 4352K, reserved 1048576K
}
Event: 29.574 GC heap after
{Heap after GC invocations=26 (full 0):
 garbage-first heap   total 55296K, used 18338K [0x00000000c1400000, 0x0000000100000000)
  region size 1024K, 2 young (2048K), 2 survivors (2048K)
 Metaspace       used 28980K, capacity 30052K, committed 30204K, reserved 1079296K
  class space    used 3901K, capacity 4339K, committed 4352K, reserved 1048576K
}
Event: 30.276 GC heap before
{Heap before GC invocations=26 (full 0):
 garbage-first heap   total 55296K, used 25506K [0x00000000c1400000, 0x0000000100000000)
  region size 1024K, 10 young (10240K), 2 survivors (2048K)
 Metaspace       used 30358K, capacity 31442K, committed 31612K, reserved 1093632K
  class space    used 4167K, capacity 4609K, committed 4736K, reserved 1048576K
}
Event: 30.279 GC heap after
{Heap after GC invocations=27 (full 0):
 garbage-first heap   total 55296K, used 18637K [0x00000000c1400000, 0x0000000100000000)
  region size 1024K, 2 young (2048K), 2 survivors (2048K)
 Metaspace       used 30358K, capacity 31442K, committed 31612K, reserved 1093632K
  class space    used 4167K, capacity 4609K, committed 4736K, reserved 1048576K
}

